<?xml version="1.0" encoding="UTF-8"?>
<testng-results ignored="0" total="3" passed="3" failed="0" skipped="0">
  <reporter-output>
  </reporter-output>
  <suite started-at="2025-09-28T16:47:24 BST" name="Default suite" finished-at="2025-09-28T16:47:24 BST" duration-ms="289">
    <groups>
      <group name="cucumber">
        <method signature="AbstractTestNGCucumberTests.runScenario(io.cucumber.testng.PickleWrapper,io.cucumber.testng.FeatureWrapper)[pri:0, instance:Runner.Runnerclass@44c03695]" name="runScenario" class="io.cucumber.testng.AbstractTestNGCucumberTests"/>
      </group> <!-- cucumber -->
    </groups>
    <test started-at="2025-09-28T16:47:24 BST" name="Default test" finished-at="2025-09-28T16:47:24 BST" duration-ms="289">
      <class name="Runner.Runnerclass">
        <test-method is-config="true" signature="setUpClass(org.testng.ITestContext)[pri:0, instance:Runner.Runnerclass@44c03695]" started-at="2025-09-28T16:47:24 BST" name="setUpClass" finished-at="2025-09-28T16:47:24 BST" duration-ms="204" status="PASS">
          <params>
            <param index="0">
              <value>
                <![CDATA[org.testng.TestRunner@54f5f647]]>
              </value>
            </param>
          </params>
          <reporter-output>
          </reporter-output>
        </test-method> <!-- setUpClass -->
        <test-method signature="runScenario(io.cucumber.testng.PickleWrapper,io.cucumber.testng.FeatureWrapper)[pri:0, instance:Runner.Runnerclass@44c03695]" started-at="2025-09-28T16:47:24 BST" name="runScenario" description="Runs Cucumber Scenarios" data-provider="scenarios" finished-at="2025-09-28T16:47:24 BST" duration-ms="43" status="PASS">
          <params>
            <param index="0">
              <value>
                <![CDATA["Successful User Registration with valid data"]]>
              </value>
            </param>
            <param index="1">
              <value>
                <![CDATA["User Registration on BlazeMeter"]]>
              </value>
            </param>
          </params>
          <reporter-output>
          </reporter-output>
        </test-method> <!-- runScenario -->
        <test-method signature="runScenario(io.cucumber.testng.PickleWrapper,io.cucumber.testng.FeatureWrapper)[pri:0, instance:Runner.Runnerclass@44c03695]" started-at="2025-09-28T16:47:24 BST" name="runScenario" description="Runs Cucumber Scenarios" data-provider="scenarios" finished-at="2025-09-28T16:47:24 BST" duration-ms="4" status="PASS">
          <params>
            <param index="0">
              <value>
                <![CDATA["Registration with existing registered email address"]]>
              </value>
            </param>
            <param index="1">
              <value>
                <![CDATA["User Registration on BlazeMeter"]]>
              </value>
            </param>
          </params>
          <reporter-output>
          </reporter-output>
        </test-method> <!-- runScenario -->
        <test-method signature="runScenario(io.cucumber.testng.PickleWrapper,io.cucumber.testng.FeatureWrapper)[pri:0, instance:Runner.Runnerclass@44c03695]" started-at="2025-09-28T16:47:24 BST" name="runScenario" description="Runs Cucumber Scenarios" data-provider="scenarios" finished-at="2025-09-28T16:47:24 BST" duration-ms="3" status="PASS">
          <params>
            <param index="0">
              <value>
                <![CDATA["Validation of mandatory email field"]]>
              </value>
            </param>
            <param index="1">
              <value>
                <![CDATA["User Registration on BlazeMeter"]]>
              </value>
            </param>
          </params>
          <reporter-output>
          </reporter-output>
        </test-method> <!-- runScenario -->
        <test-method is-config="true" signature="tearDownClass()[pri:0, instance:Runner.Runnerclass@44c03695]" started-at="2025-09-28T16:47:24 BST" name="tearDownClass" finished-at="2025-09-28T16:47:24 BST" duration-ms="21" status="PASS">
          <reporter-output>
          </reporter-output>
        </test-method> <!-- tearDownClass -->
      </class> <!-- Runner.Runnerclass -->
    </test> <!-- Default test -->
  </suite> <!-- Default suite -->
</testng-results>
