<?xml version="1.0" encoding="UTF-8"?>
<!-- Generated by org.testng.reporters.JUnitReportReporter -->
<testsuite hostname="Mac" failures="0" tests="3" name="Runner.Runnerclass" time="0.061" errors="0" timestamp="2025-09-27T12:24:49 BST" skipped="0">
  <testcase classname="Runner.Runnerclass" name="runScenario" time="0.004"/>
  <testcase classname="Runner.Runnerclass" name="runScenario" time="0.003"/>
  <testcase classname="Runner.Runnerclass" name="runScenario" time="0.054"/>
</testsuite> <!-- Runner.Runnerclass -->
