<?xml version="1.0" encoding="UTF-8"?>
<!-- Generated by org.testng.reporters.JUnitReportReporter -->
<testsuite hostname="Mac" failures="0" tests="3" name="Runner.Runnerclass" time="0.059" errors="0" timestamp="2025-09-26T12:29:43 BST" skipped="0">
  <testcase classname="Runner.Runnerclass" name="runScenario" time="0.002"/>
  <testcase classname="Runner.Runnerclass" name="runScenario" time="0.003"/>
  <testcase classname="Runner.Runnerclass" name="runScenario" time="0.054"/>
</testsuite> <!-- Runner.Runnerclass -->
